# JRE version: OpenJDK Runtime Environment (8.0_112-b06) (build 1.8.0_112-release-b06)
# Java VM: OpenJDK 64-Bit Server VM (25.112-b06 mixed mode linux-amd64 compressed oops)
Heap:
 PSYoungGen      total 471040K, used 465004K [0x00000000e0000000, 0x0000000100000000, 0x0000000100000000)
  eden space 425984K, 99% used [0x00000000e0000000,0x00000000f9fa3450,0x00000000fa000000)
  from space 45056K, 87% used [0x00000000fd400000,0x00000000ffa77f78,0x0000000100000000)
  to   space 49152K, 51% used [0x00000000fa000000,0x00000000fb8cc1e8,0x00000000fd000000)
 ParOldGen       total 161792K, used 70310K [0x00000000a0000000, 0x00000000a9e00000, 0x00000000e0000000)
  object space 161792K, 43% used [0x00000000a0000000,0x00000000a44a9b78,0x00000000a9e00000)
 Metaspace       used 70266K, capacity 73900K, committed 74008K, reserved 1114112K
  class space    used 8684K, capacity 9190K, committed 9264K, reserved 1048576K
GC Heap History (10 events):
Event: 8545,563 GC heap after
Heap after GC invocations=13 (full 3):
 PSYoungGen      total 497152K, used 17760K [0x00000000e0000000, 0x0000000100000000, 0x0000000100000000)
  eden space 470016K, 0% used [0x00000000e0000000,0x00000000e0000000,0x00000000fcb00000)
  from space 27136K, 65% used [0x00000000fe580000,0x00000000ff6d83f0,0x0000000100000000)
  to   space 27136K, 0% used [0x00000000fcb00000,0x00000000fcb00000,0x00000000fe580000)
 ParOldGen       total 161792K, used 27462K [0x00000000a0000000, 0x00000000a9e00000, 0x00000000e0000000)
  object space 161792K, 16% used [0x00000000a0000000,0x00000000a1ad18a0,0x00000000a9e00000)
 Metaspace       used 67566K, capacity 69924K, committed 70168K, reserved 1110016K
  class space    used 8495K, capacity 8903K, committed 9008K, reserved 1048576K
}
Event: 8738,547 GC heap before
{Heap before GC invocations=14 (full 3):
 PSYoungGen      total 497152K, used 487776K [0x00000000e0000000, 0x0000000100000000, 0x0000000100000000)
  eden space 470016K, 100% used [0x00000000e0000000,0x00000000fcb00000,0x00000000fcb00000)
  from space 27136K, 65% used [0x00000000fe580000,0x00000000ff6d83f0,0x0000000100000000)
  to   space 27136K, 0% used [0x00000000fcb00000,0x00000000fcb00000,0x00000000fe580000)
 ParOldGen       total 161792K, used 27462K [0x00000000a0000000, 0x00000000a9e00000, 0x00000000e0000000)
  object space 161792K, 16% used [0x00000000a0000000,0x00000000a1ad18a0,0x00000000a9e00000)
 Metaspace       used 68215K, capacity 70672K, committed 70936K, reserved 1112064K
  class space    used 8508K, capacity 8915K, committed 9008K, reserved 1048576K
Event: 8738,568 GC heap after
Heap after GC invocations=14 (full 3):
 PSYoungGen      total 497152K, used 27114K [0x00000000e0000000, 0x0000000100000000, 0x0000000100000000)
  eden space 470016K, 0% used [0x00000000e0000000,0x00000000e0000000,0x00000000fcb00000)
  from space 27136K, 99% used [0x00000000fcb00000,0x00000000fe57a8d0,0x00000000fe580000)
  to   space 27136K, 0% used [0x00000000fe580000,0x00000000fe580000,0x0000000100000000)
 ParOldGen       total 161792K, used 54033K [0x00000000a0000000, 0x00000000a9e00000, 0x00000000e0000000)
  object space 161792K, 33% used [0x00000000a0000000,0x00000000a34c4530,0x00000000a9e00000)
 Metaspace       used 68215K, capacity 70672K, committed 70936K, reserved 1112064K
  class space    used 8508K, capacity 8915K, committed 9008K, reserved 1048576K
}
Event: 8811,069 GC heap before
{Heap before GC invocations=15 (full 3):
 PSYoungGen      total 497152K, used 497130K [0x00000000e0000000, 0x0000000100000000, 0x0000000100000000)
  eden space 470016K, 100% used [0x00000000e0000000,0x00000000fcb00000,0x00000000fcb00000)
  from space 27136K, 99% used [0x00000000fcb00000,0x00000000fe57a8d0,0x00000000fe580000)
  to   space 27136K, 0% used [0x00000000fe580000,0x00000000fe580000,0x0000000100000000)
 ParOldGen       total 161792K, used 54033K [0x00000000a0000000, 0x00000000a9e00000, 0x00000000e0000000)
  object space 161792K, 33% used [0x00000000a0000000,0x00000000a34c4530,0x00000000a9e00000)
 Metaspace       used 68894K, capacity 71678K, committed 71704K, reserved 1112064K
  class space    used 8562K, capacity 9000K, committed 9008K, reserved 1048576K
Event: 8811,089 GC heap after
Heap after GC invocations=15 (full 3):
 PSYoungGen      total 461312K, used 27117K [0x00000000e0000000, 0x0000000100000000, 0x0000000100000000)
  eden space 434176K, 0% used [0x00000000e0000000,0x00000000e0000000,0x00000000fa800000)
  from space 27136K, 99% used [0x00000000fe580000,0x00000000ffffb788,0x0000000100000000)
  to   space 45056K, 0% used [0x00000000fa800000,0x00000000fa800000,0x00000000fd400000)
 ParOldGen       total 161792K, used 65308K [0x00000000a0000000, 0x00000000a9e00000, 0x00000000e0000000)
  object space 161792K, 40% used [0x00000000a0000000,0x00000000a3fc71b0,0x00000000a9e00000)
 Metaspace       used 68894K, capacity 71678K, committed 71704K, reserved 1112064K
  class space    used 8562K, capacity 9000K, committed 9008K, reserved 1048576K
}
Event: 8904,165 GC heap before
{Heap before GC invocations=16 (full 3):
 PSYoungGen      total 461312K, used 461293K [0x00000000e0000000, 0x0000000100000000, 0x0000000100000000)
  eden space 434176K, 100% used [0x00000000e0000000,0x00000000fa800000,0x00000000fa800000)
  from space 27136K, 99% used [0x00000000fe580000,0x00000000ffffb788,0x0000000100000000)
  to   space 45056K, 0% used [0x00000000fa800000,0x00000000fa800000,0x00000000fd400000)
 ParOldGen       total 161792K, used 65308K [0x00000000a0000000, 0x00000000a9e00000, 0x00000000e0000000)
  object space 161792K, 40% used [0x00000000a0000000,0x00000000a3fc71b0,0x00000000a9e00000)
 Metaspace       used 69627K, capacity 72976K, committed 73240K, reserved 1114112K
  class space    used 8656K, capacity 9159K, committed 9264K, reserved 1048576K
Event: 8904,181 GC heap after
Heap after GC invocations=16 (full 3):
 PSYoungGen      total 479232K, used 26816K [0x00000000e0000000, 0x0000000100000000, 0x0000000100000000)
  eden space 434176K, 0% used [0x00000000e0000000,0x00000000e0000000,0x00000000fa800000)
  from space 45056K, 59% used [0x00000000fa800000,0x00000000fc2301a0,0x00000000fd400000)
  to   space 45056K, 0% used [0x00000000fd400000,0x00000000fd400000,0x0000000100000000)
 ParOldGen       total 161792K, used 70294K [0x00000000a0000000, 0x00000000a9e00000, 0x00000000e0000000)
  object space 161792K, 43% used [0x00000000a0000000,0x00000000a44a5b78,0x00000000a9e00000)
 Metaspace       used 69627K, capacity 72976K, committed 73240K, reserved 1114112K
  class space    used 8656K, capacity 9159K, committed 9264K, reserved 1048576K
}
Event: 8962,819 GC heap before
{Heap before GC invocations=17 (full 3):
 PSYoungGen      total 479232K, used 460992K [0x00000000e0000000, 0x0000000100000000, 0x0000000100000000)
  eden space 434176K, 100% used [0x00000000e0000000,0x00000000fa800000,0x00000000fa800000)
  from space 45056K, 59% used [0x00000000fa800000,0x00000000fc2301a0,0x00000000fd400000)
  to   space 45056K, 0% used [0x00000000fd400000,0x00000000fd400000,0x0000000100000000)
 ParOldGen       total 161792K, used 70294K [0x00000000a0000000, 0x00000000a9e00000, 0x00000000e0000000)
  object space 161792K, 43% used [0x00000000a0000000,0x00000000a44a5b78,0x00000000a9e00000)
 Metaspace       used 70045K, capacity 73610K, committed 73752K, reserved 1114112K
  class space    used 8675K, capacity 9181K, committed 9264K, reserved 1048576K
Event: 8962,837 GC heap after
Heap after GC invocations=17 (full 3):
 PSYoungGen      total 471040K, used 39391K [0x00000000e0000000, 0x0000000100000000, 0x0000000100000000)
  eden space 425984K, 0% used [0x00000000e0000000,0x00000000e0000000,0x00000000fa000000)
  from space 45056K, 87% used [0x00000000fd400000,0x00000000ffa77f78,0x0000000100000000)
  to   space 49152K, 0% used [0x00000000fa000000,0x00000000fa000000,0x00000000fd000000)
 ParOldGen       total 161792K, used 70302K [0x00000000a0000000, 0x00000000a9e00000, 0x00000000e0000000)
  object space 161792K, 43% used [0x00000000a0000000,0x00000000a44a7b78,0x00000000a9e00000)
 Metaspace       used 70045K, capacity 73610K, committed 73752K, reserved 1114112K
  class space    used 8675K, capacity 9181K, committed 9264K, reserved 1048576K
}
Event: 9282,134 GC heap before
{Heap before GC invocations=18 (full 3):
 PSYoungGen      total 471040K, used 465004K [0x00000000e0000000, 0x0000000100000000, 0x0000000100000000)
  eden space 425984K, 99% used [0x00000000e0000000,0x00000000f9fa3450,0x00000000fa000000)
  from space 45056K, 87% used [0x00000000fd400000,0x00000000ffa77f78,0x0000000100000000)
  to   space 49152K, 0% used [0x00000000fa000000,0x00000000fa000000,0x00000000fd000000)
 ParOldGen       total 161792K, used 70302K [0x00000000a0000000, 0x00000000a9e00000, 0x00000000e0000000)
  object space 161792K, 43% used [0x00000000a0000000,0x00000000a44a7b78,0x00000000a9e00000)
 Metaspace       used 70266K, capacity 73900K, committed 74008K, reserved 1114112K
  class space    used 8684K, capacity 9190K, committed 9264K, reserved 1048576K

